c:\users\ania\source\repos\consoleapplication1\consoleapplication1\debug\vc141.pdb
c:\users\ania\source\repos\consoleapplication1\consoleapplication1\debug\vc141.idb
c:\users\ania\source\repos\consoleapplication1\consoleapplication1\debug\menu.obj
c:\users\ania\source\repos\consoleapplication1\consoleapplication1\debug\consoleapplication1.obj
c:\users\ania\source\repos\consoleapplication1\consoleapplication1\debug\item.obj
c:\users\ania\source\repos\consoleapplication1\consoleapplication1\debug\table.obj
c:\users\ania\source\repos\consoleapplication1\consoleapplication1\debug\staff.obj
c:\users\ania\source\repos\consoleapplication1\consoleapplication1\debug\form.obj
c:\users\ania\source\repos\consoleapplication1\consoleapplication1\debug\style.obj
c:\users\ania\source\repos\consoleapplication1\consoleapplication1\debug\application.obj
c:\users\ania\source\repos\consoleapplication1\consoleapplication1\debug\staffgroup.obj
c:\users\ania\source\repos\consoleapplication1\consoleapplication1\debug\reklamodawcaform.obj
c:\users\ania\source\repos\consoleapplication1\consoleapplication1\debug\loginform.obj
c:\users\ania\source\repos\consoleapplication1\consoleapplication1\debug\filesmanager.obj
c:\users\ania\source\repos\consoleapplication1\consoleapplication1\debug\cennikform.obj
c:\users\ania\source\repos\consoleapplication1\consoleapplication1\debug\stuffgroup.obj
c:\users\ania\source\repos\consoleapplication1\consoleapplication1\debug\stuff.obj
c:\users\ania\source\repos\consoleapplication1\consoleapplication1\debug\czasform.obj
c:\users\ania\source\repos\consoleapplication1\consoleapplication1\debug\movinglist.obj
c:\users\ania\source\repos\consoleapplication1\consoleapplication1\debug\nadawcaform.obj
c:\users\ania\source\repos\consoleapplication1\consoleapplication1\debug\pch.obj
c:\users\ania\source\repos\consoleapplication1\consoleapplication1\debug\dodajcennikform.obj
c:\users\ania\source\repos\consoleapplication1\consoleapplication1\debug\autocompletion.obj
c:\users\ania\source\repos\consoleapplication1\consoleapplication1\debug\application.obj.enc
c:\users\ania\source\repos\consoleapplication1\consoleapplication1\debug\cennikform.obj.enc
c:\users\ania\source\repos\consoleapplication1\consoleapplication1\debug\consoleapplication1.obj.enc
c:\users\ania\source\repos\consoleapplication1\consoleapplication1\debug\filesmanager.obj.enc
c:\users\ania\source\repos\consoleapplication1\consoleapplication1\debug\nadawcaform.obj.enc
c:\users\ania\source\repos\consoleapplication1\consoleapplication1\debug\reklamodawcaform.obj.enc
c:\users\ania\source\repos\consoleapplication1\consoleapplication1\debug\table.obj.enc
c:\users\ania\source\repos\consoleapplication1\consoleapplication1\debug\consoleapplication1.pch
c:\users\ania\source\repos\consoleapplication1\debug\consoleapplication1.pdb
c:\users\ania\source\repos\consoleapplication1\consoleapplication1\debug\consolea.8bb93da0.tlog\cl.command.1.tlog
c:\users\ania\source\repos\consoleapplication1\consoleapplication1\debug\consolea.8bb93da0.tlog\cl.read.1.tlog
c:\users\ania\source\repos\consoleapplication1\consoleapplication1\debug\consolea.8bb93da0.tlog\cl.write.1.tlog
c:\users\ania\source\repos\consoleapplication1\consoleapplication1\debug\consolea.8bb93da0.tlog\link-cvtres.read.1.tlog
c:\users\ania\source\repos\consoleapplication1\consoleapplication1\debug\consolea.8bb93da0.tlog\link-cvtres.write.1.tlog
c:\users\ania\source\repos\consoleapplication1\consoleapplication1\debug\consolea.8bb93da0.tlog\link-rc.read.1.tlog
c:\users\ania\source\repos\consoleapplication1\consoleapplication1\debug\consolea.8bb93da0.tlog\link-rc.write.1.tlog
c:\users\ania\source\repos\consoleapplication1\consoleapplication1\debug\consolea.8bb93da0.tlog\link.5304-cvtres.read.1.tlog
c:\users\ania\source\repos\consoleapplication1\consoleapplication1\debug\consolea.8bb93da0.tlog\link.5304-cvtres.write.1.tlog
c:\users\ania\source\repos\consoleapplication1\consoleapplication1\debug\consolea.8bb93da0.tlog\link.5304-rc.read.1.tlog
c:\users\ania\source\repos\consoleapplication1\consoleapplication1\debug\consolea.8bb93da0.tlog\link.5304-rc.write.1.tlog
c:\users\ania\source\repos\consoleapplication1\consoleapplication1\debug\consolea.8bb93da0.tlog\link.5304.read.1.tlog
c:\users\ania\source\repos\consoleapplication1\consoleapplication1\debug\consolea.8bb93da0.tlog\link.5304.write.1.tlog
c:\users\ania\source\repos\consoleapplication1\consoleapplication1\debug\consolea.8bb93da0.tlog\link.command.1.tlog
c:\users\ania\source\repos\consoleapplication1\consoleapplication1\debug\consolea.8bb93da0.tlog\link.read.1.tlog
c:\users\ania\source\repos\consoleapplication1\consoleapplication1\debug\consolea.8bb93da0.tlog\link.write.1.tlog
