  MovingList.cpp
  Application.cpp
  AutoCompletion.cpp
c:\users\ania\source\repos\consoleapplication1\consoleapplication1\autocompletion.cpp(17): warning C4244: "return": konwersja z "double" do "float", możliwa utrata danych
c:\users\ania\source\repos\consoleapplication1\consoleapplication1\autocompletion.cpp(19): warning C4244: "return": konwersja z "double" do "float", możliwa utrata danych
c:\users\ania\source\repos\consoleapplication1\consoleapplication1\autocompletion.cpp(21): warning C4244: "return": konwersja z "double" do "float", możliwa utrata danych
c:\users\ania\source\repos\consoleapplication1\consoleapplication1\autocompletion.cpp(23): warning C4244: "return": konwersja z "double" do "float", możliwa utrata danych
c:\users\ania\source\repos\consoleapplication1\consoleapplication1\autocompletion.cpp(25): warning C4244: "return": konwersja z "double" do "float", możliwa utrata danych
c:\users\ania\source\repos\consoleapplication1\consoleapplication1\autocompletion.cpp(27): warning C4244: "return": konwersja z "double" do "float", możliwa utrata danych
c:\users\ania\source\repos\consoleapplication1\consoleapplication1\autocompletion.cpp(29): warning C4244: "return": konwersja z "double" do "float", możliwa utrata danych
c:\users\ania\source\repos\consoleapplication1\consoleapplication1\autocompletion.cpp(31): warning C4244: "return": konwersja z "double" do "float", możliwa utrata danych
c:\users\ania\source\repos\consoleapplication1\consoleapplication1\autocompletion.cpp(33): warning C4244: "return": konwersja z "double" do "float", możliwa utrata danych
c:\users\ania\source\repos\consoleapplication1\consoleapplication1\autocompletion.cpp(35): warning C4244: "return": konwersja z "double" do "float", możliwa utrata danych
c:\users\ania\source\repos\consoleapplication1\consoleapplication1\autocompletion.cpp(37): warning C4244: "return": konwersja z "double" do "float", możliwa utrata danych
c:\users\ania\source\repos\consoleapplication1\consoleapplication1\autocompletion.cpp(39): warning C4244: "return": konwersja z "double" do "float", możliwa utrata danych
c:\users\ania\source\repos\consoleapplication1\consoleapplication1\autocompletion.cpp(41): warning C4244: "return": konwersja z "double" do "float", możliwa utrata danych
c:\users\ania\source\repos\consoleapplication1\consoleapplication1\autocompletion.cpp(56): warning C4018: "<": niezgodność typu ze znakiem/bez znaku
c:\users\ania\source\repos\consoleapplication1\consoleapplication1\autocompletion.cpp(58): warning C4018: "<": niezgodność typu ze znakiem/bez znaku
c:\users\ania\source\repos\consoleapplication1\consoleapplication1\autocompletion.cpp(69): warning C4018: "<": niezgodność typu ze znakiem/bez znaku
c:\users\ania\source\repos\consoleapplication1\consoleapplication1\autocompletion.cpp(71): warning C4018: "<": niezgodność typu ze znakiem/bez znaku
c:\users\ania\source\repos\consoleapplication1\consoleapplication1\autocompletion.cpp(88): warning C4244: "-=": konwersja z "float" do "int", możliwa utrata danych
c:\users\ania\source\repos\consoleapplication1\consoleapplication1\autocompletion.cpp(6): warning C4018: "<": niezgodność typu ze znakiem/bez znaku
  c:\users\ania\source\repos\consoleapplication1\consoleapplication1\autocompletion.cpp(73): note: zobacz odwołanie do funkcji szablon; wystąpienie „bool inVector<std::vector<int,std::allocator<_Ty>>>(std::vector<std::vector<_Ty,std::allocator<_Ty>>,std::allocator<std::vector<_Ty,std::allocator<_Ty>>>>,T)” jest kompilowane
          with
          [
              _Ty=int,
              T=std::vector<int,std::allocator<int>>
          ]
  CennikForm.cpp
  ConsoleApplication1.cpp
  CzasForm.cpp
  DodajCennikForm.cpp
  FilesManager.cpp
c:\users\ania\source\repos\consoleapplication1\consoleapplication1\filesmanager.cpp(169): warning C4018: "<": niezgodność typu ze znakiem/bez znaku
c:\users\ania\source\repos\consoleapplication1\consoleapplication1\filesmanager.cpp(187): warning C4018: "<": niezgodność typu ze znakiem/bez znaku
c:\users\ania\source\repos\consoleapplication1\consoleapplication1\filesmanager.cpp(189): warning C4018: "<": niezgodność typu ze znakiem/bez znaku
c:\users\ania\source\repos\consoleapplication1\consoleapplication1\filesmanager.cpp(221): warning C4018: "<": niezgodność typu ze znakiem/bez znaku
c:\users\ania\source\repos\consoleapplication1\consoleapplication1\filesmanager.cpp(231): warning C4018: "<": niezgodność typu ze znakiem/bez znaku
c:\users\ania\source\repos\consoleapplication1\consoleapplication1\filesmanager.cpp(233): warning C4018: "<": niezgodność typu ze znakiem/bez znaku
c:\users\ania\source\repos\consoleapplication1\consoleapplication1\filesmanager.cpp(236): warning C4018: "<": niezgodność typu ze znakiem/bez znaku
c:\users\ania\source\repos\consoleapplication1\consoleapplication1\filesmanager.cpp(261): warning C4018: "<": niezgodność typu ze znakiem/bez znaku
c:\users\ania\source\repos\consoleapplication1\consoleapplication1\filesmanager.cpp(277): warning C4018: "<": niezgodność typu ze znakiem/bez znaku
c:\users\ania\source\repos\consoleapplication1\consoleapplication1\filesmanager.cpp(300): warning C4018: "<": niezgodność typu ze znakiem/bez znaku
c:\users\ania\source\repos\consoleapplication1\consoleapplication1\filesmanager.cpp(312): warning C4018: "<": niezgodność typu ze znakiem/bez znaku
c:\users\ania\source\repos\consoleapplication1\consoleapplication1\filesmanager.cpp(316): warning C4018: "<": niezgodność typu ze znakiem/bez znaku
c:\users\ania\source\repos\consoleapplication1\consoleapplication1\filesmanager.cpp(350): warning C4018: "<": niezgodność typu ze znakiem/bez znaku
c:\users\ania\source\repos\consoleapplication1\consoleapplication1\filesmanager.cpp(364): warning C4018: "<": niezgodność typu ze znakiem/bez znaku
c:\users\ania\source\repos\consoleapplication1\consoleapplication1\filesmanager.cpp(369): warning C4018: "<": niezgodność typu ze znakiem/bez znaku
c:\users\ania\source\repos\consoleapplication1\consoleapplication1\filesmanager.cpp(386): warning C4018: "<": niezgodność typu ze znakiem/bez znaku
c:\users\ania\source\repos\consoleapplication1\consoleapplication1\filesmanager.cpp(393): warning C4018: "<": niezgodność typu ze znakiem/bez znaku
c:\users\ania\source\repos\consoleapplication1\consoleapplication1\filesmanager.cpp(401): warning C4018: "<": niezgodność typu ze znakiem/bez znaku
c:\users\ania\source\repos\consoleapplication1\consoleapplication1\filesmanager.cpp(416): warning C4018: "<": niezgodność typu ze znakiem/bez znaku
c:\users\ania\source\repos\consoleapplication1\consoleapplication1\filesmanager.cpp(431): warning C4018: "<": niezgodność typu ze znakiem/bez znaku
  Form.cpp
c:\users\ania\source\repos\consoleapplication1\consoleapplication1\form.cpp(10): warning C4244: "argument": konwersja z "int" do "T", możliwa utrata danych
          with
          [
              T=float
          ]
c:\users\ania\source\repos\consoleapplication1\consoleapplication1\form.cpp(93): warning C4018: "<": niezgodność typu ze znakiem/bez znaku
c:\users\ania\source\repos\consoleapplication1\consoleapplication1\form.cpp(101): warning C4018: "<": niezgodność typu ze znakiem/bez znaku
  Item.cpp
c:\users\ania\source\repos\consoleapplication1\consoleapplication1\item.cpp(9): warning C4244: "argument": konwersja z "int" do "float", możliwa utrata danych
c:\users\ania\source\repos\consoleapplication1\consoleapplication1\item.cpp(9): warning C4244: "argument": konwersja z "double" do "float", możliwa utrata danych
c:\users\ania\source\repos\consoleapplication1\consoleapplication1\item.cpp(11): warning C4244: "argument": konwersja z "int" do "T", możliwa utrata danych
          with
          [
              T=float
          ]
c:\users\ania\source\repos\consoleapplication1\consoleapplication1\item.cpp(12): warning C4244: "argument": konwersja z "int" do "T", możliwa utrata danych
          with
          [
              T=float
          ]
c:\users\ania\source\repos\consoleapplication1\consoleapplication1\item.cpp(45): warning C4244: "inicjowanie": konwersja z "const T" do "int", możliwa utrata danych
          with
          [
              T=float
          ]
c:\users\ania\source\repos\consoleapplication1\consoleapplication1\item.cpp(45): warning C4244: "inicjowanie": konwersja z "T" do "int", możliwa utrata danych
          with
          [
              T=float
          ]
c:\users\ania\source\repos\consoleapplication1\consoleapplication1\item.cpp(46): warning C4244: "inicjowanie": konwersja z "const T" do "int", możliwa utrata danych
          with
          [
              T=float
          ]
c:\users\ania\source\repos\consoleapplication1\consoleapplication1\item.cpp(46): warning C4244: "inicjowanie": konwersja z "T" do "int", możliwa utrata danych
          with
          [
              T=float
          ]
c:\users\ania\source\repos\consoleapplication1\consoleapplication1\item.cpp(58): warning C4244: "inicjowanie": konwersja z "const T" do "int", możliwa utrata danych
          with
          [
              T=float
          ]
c:\users\ania\source\repos\consoleapplication1\consoleapplication1\item.cpp(58): warning C4244: "inicjowanie": konwersja z "T" do "int", możliwa utrata danych
          with
          [
              T=float
          ]
c:\users\ania\source\repos\consoleapplication1\consoleapplication1\item.cpp(59): warning C4244: "inicjowanie": konwersja z "const T" do "int", możliwa utrata danych
          with
          [
              T=float
          ]
c:\users\ania\source\repos\consoleapplication1\consoleapplication1\item.cpp(59): warning C4244: "inicjowanie": konwersja z "T" do "int", możliwa utrata danych
          with
          [
              T=float
          ]
  LoginForm.cpp
  NadawcaForm.cpp
c:\users\ania\source\repos\consoleapplication1\consoleapplication1\nadawcaform.cpp(208): warning C4018: "<": niezgodność typu ze znakiem/bez znaku
c:\users\ania\source\repos\consoleapplication1\consoleapplication1\nadawcaform.cpp(210): warning C4018: "<": niezgodność typu ze znakiem/bez znaku
c:\users\ania\source\repos\consoleapplication1\consoleapplication1\nadawcaform.cpp(250): warning C4018: "<": niezgodność typu ze znakiem/bez znaku
c:\users\ania\source\repos\consoleapplication1\consoleapplication1\nadawcaform.cpp(252): warning C4018: "<": niezgodność typu ze znakiem/bez znaku
c:\users\ania\source\repos\consoleapplication1\consoleapplication1\nadawcaform.cpp(337): warning C4018: "<": niezgodność typu ze znakiem/bez znaku
c:\users\ania\source\repos\consoleapplication1\consoleapplication1\nadawcaform.cpp(422): warning C4018: "<": niezgodność typu ze znakiem/bez znaku
c:\users\ania\source\repos\consoleapplication1\consoleapplication1\nadawcaform.cpp(501): warning C4018: "<": niezgodność typu ze znakiem/bez znaku
  ReklamodawcaForm.cpp
c:\users\ania\source\repos\consoleapplication1\consoleapplication1\reklamodawcaform.cpp(178): warning C4018: "<": niezgodność typu ze znakiem/bez znaku
c:\users\ania\source\repos\consoleapplication1\consoleapplication1\reklamodawcaform.cpp(223): warning C4018: "<": niezgodność typu ze znakiem/bez znaku
c:\users\ania\source\repos\consoleapplication1\consoleapplication1\reklamodawcaform.cpp(226): warning C4018: "<": niezgodność typu ze znakiem/bez znaku
c:\users\ania\source\repos\consoleapplication1\consoleapplication1\reklamodawcaform.cpp(272): warning C4244: "argument": konwersja z "float" do "int", możliwa utrata danych
c:\users\ania\source\repos\consoleapplication1\consoleapplication1\reklamodawcaform.cpp(273): warning C4244: "argument": konwersja z "float" do "int", możliwa utrata danych
c:\users\ania\source\repos\consoleapplication1\consoleapplication1\reklamodawcaform.cpp(286): warning C4244: "argument": konwersja z "float" do "int", możliwa utrata danych
c:\users\ania\source\repos\consoleapplication1\consoleapplication1\reklamodawcaform.cpp(287): warning C4244: "argument": konwersja z "float" do "int", możliwa utrata danych
c:\users\ania\source\repos\consoleapplication1\consoleapplication1\reklamodawcaform.cpp(298): warning C4244: "argument": konwersja z "float" do "int", możliwa utrata danych
c:\users\ania\source\repos\consoleapplication1\consoleapplication1\reklamodawcaform.cpp(299): warning C4244: "argument": konwersja z "float" do "int", możliwa utrata danych
c:\users\ania\source\repos\consoleapplication1\consoleapplication1\reklamodawcaform.cpp(358): warning C4244: "argument": konwersja z "float" do "int", możliwa utrata danych
  Stuff.cpp
  StuffGroup.cpp
  Style.cpp
  Table.cpp
c:\users\ania\source\repos\consoleapplication1\consoleapplication1\table.cpp(132): warning C4018: "<": niezgodność typu ze znakiem/bez znaku
c:\users\ania\source\repos\consoleapplication1\consoleapplication1\table.cpp(135): warning C4018: "<": niezgodność typu ze znakiem/bez znaku
  ZatwierdzForm.cpp
  pch.cpp
  Generowanie kodu...
  ConsoleApplication1.vcxproj -> C:\Users\Ania\source\repos\ConsoleApplication1\Debug\ConsoleApplication1.exe
